<?xml version="1.0" encoding="UTF-8"?>
<!-- Generated by org.testng.reporters.JUnitReportReporter -->
<testsuite hostname="PC" failures="0" tests="2" name="org.cris.Test.ErrorValidations" time="15.990" errors="0" timestamp="2024-04-28T15:55:39 COT" skipped="0">
  <testcase classname="org.cris.Test.ErrorValidations" name="LoginErrorValidation" time="7.579"/>
  <system-out/>
  <testcase classname="org.cris.Test.ErrorValidations" name="ProductErrorValidation" time="8.411"/>
  <system-out/>
</testsuite> <!-- org.cris.Test.ErrorValidations -->
