<?xml version="1.0" encoding="UTF-8"?>
<!-- Generated by org.testng.reporters.JUnitReportReporter -->
<testsuite hostname="PC" failures="0" tests="3" name="org.cris.Test.SubmitOrderTest" time="25.932" errors="0" timestamp="2024-04-28T15:55:39 COT" skipped="0">
  <testcase classname="org.cris.Test.SubmitOrderTest" name="OrderHistoryTest" time="6.571"/>
  <system-out/>
  <testcase classname="org.cris.Test.SubmitOrderTest" name="submitOrder" time="9.384"/>
  <system-out/>
  <testcase classname="org.cris.Test.SubmitOrderTest" name="submitOrder" time="9.977"/>
  <system-out/>
</testsuite> <!-- org.cris.Test.SubmitOrderTest -->
